{"level":"info","message":"Listening on port 8000..."}
{"level":"error","message":"error abusamir"}
{"level":"info","message":"Listening on port 8000..."}
{"level":"info","message":"Listening on port 8000..."}
{"level":"error","message":"error on the DB"}
{"level":"info","message":"Listening on port 8000..."}
{"level":"error","message":"error on the DB"}
{"level":"info","message":"Listening on port 8000..."}
{"level":"error","message":"error on the DB"}
{"level":"info","message":"Listening on port 8000..."}
{"level":"info","message":"connected to database"}
{"level":"info","message":"Listening on port 8000..."}
{"level":"info","message":"connected to database"}
{"level":"info","message":"Listening on port 8000..."}
{"level":"info","message":"connected to database"}
{"level":"info","message":"Listening on port 8000..."}
{"level":"info","message":"connected to database"}
{"level":"info","message":"Listening on port 8000..."}
{"level":"info","message":"connected to database"}
{"level":"info","message":"Listening on port 8000..."}
{"level":"info","message":"connected to database"}
{"level":"info","message":"Listening on port 8000..."}
{"level":"info","message":"connected to database"}
{"level":"info","message":"Listening on port 8000..."}
{"level":"info","message":"connected to database"}
{"level":"info","message":"Listening on port 8000..."}
{"level":"info","message":"connected to database"}
{"level":"info","message":"Listening on port 8000..."}
{"level":"info","message":"connected to database"}
{"level":"info","message":"Listening on port 8000..."}
{"level":"info","message":"connected to database"}
{"level":"info","message":"Listening on port 8000..."}
{"level":"info","message":"connected to database"}
{"level":"info","message":"Listening on port 8000..."}
{"level":"info","message":"connected to database"}
{"level":"info","message":"Listening on port 8000..."}
{"level":"info","message":"connected to database"}
{"level":"info","message":"Listening on port 8000..."}
{"level":"info","message":"connected to database"}
{"level":"info","message":"Listening on port 8000..."}
{"level":"info","message":"connected to database"}
{"level":"info","message":"Listening on port 8000..."}
{"level":"info","message":"connected to database"}
{"level":"info","message":"Listening on port 8000..."}
{"level":"info","message":"connected to database"}
{"level":"info","message":"Listening on port 8000..."}
{"level":"info","message":"connected to database"}
{"level":"info","message":"Listening on port 8000..."}
{"level":"info","message":"connected to database"}
{"level":"info","message":"Listening on port 8000..."}
{"level":"info","message":"connected to database"}
{"level":"info","message":"Listening on port 8000..."}
{"level":"info","message":"connected to database"}
{"level":"info","message":"Listening on port 8000..."}
{"level":"info","message":"connected to database"}
{"level":"info","message":"Listening on port 8000..."}
{"level":"info","message":"connected to database"}
{"level":"info","message":"Listening on port 8000..."}
{"level":"info","message":"connected to database"}
{"level":"info","message":"Listening on port 8000..."}
{"level":"info","message":"connected to database"}
{"level":"info","message":"Listening on port 8000..."}
{"level":"info","message":"connected to database"}
{"level":"info","message":"Listening on port 8000..."}
{"level":"info","message":"connected to database"}
{"level":"info","message":"Listening on port 8000..."}
{"level":"info","message":"connected to database"}
{"level":"info","message":"Listening on port 8000..."}
{"level":"info","message":"connected to database"}
{"level":"info","message":"Listening on port 8000..."}
{"level":"error","message":"error on the DB"}
{"level":"info","message":"Listening on port 8000..."}
{"level":"error","message":"error on the DB"}
{"level":"info","message":"Listening on port 8000..."}
{"level":"info","message":"Listening on port 8000..."}
{"level":"error","message":"connect ECONNREFUSED 127.0.0.1:27017","reason":{"commonWireVersion":0,"compatible":true,"heartbeatFrequencyMS":10000,"localThresholdMS":15,"logicalSessionTimeoutMinutes":null,"maxElectionId":null,"maxSetVersion":null,"servers":{},"setName":null,"stale":false,"type":"Unknown"}}
{"level":"info","message":"Listening on port 8000..."}
{"level":"error","message":"connect ECONNREFUSED 127.0.0.1:27017","reason":{"commonWireVersion":0,"compatible":true,"heartbeatFrequencyMS":10000,"localThresholdMS":15,"logicalSessionTimeoutMinutes":null,"maxElectionId":null,"maxSetVersion":null,"servers":{},"setName":null,"stale":false,"type":"Unknown"}}
{"level":"info","message":"Listening on port 8000..."}
{"level":"error","message":"connect ECONNREFUSED 127.0.0.1:27017","reason":{"commonWireVersion":0,"compatible":true,"heartbeatFrequencyMS":10000,"localThresholdMS":15,"logicalSessionTimeoutMinutes":null,"maxElectionId":null,"maxSetVersion":null,"servers":{},"setName":null,"stale":false,"type":"Unknown"}}
{"level":"info","message":"Listening on port 8000..."}
{"level":"error","message":"connect ECONNREFUSED 0.0.0.0:27017","reason":{"commonWireVersion":0,"compatible":true,"heartbeatFrequencyMS":10000,"localThresholdMS":15,"logicalSessionTimeoutMinutes":null,"maxElectionId":null,"maxSetVersion":null,"servers":{},"setName":null,"stale":false,"type":"Unknown"}}
{"level":"info","message":"Listening on port 8000..."}
{"level":"info","message":"connected to database"}
{"level":"info","message":"Listening on port 8000..."}
{"level":"info","message":"connected to database"}
{"level":"info","message":"Listening on port 8000..."}
{"level":"info","message":"connected to database"}
{"level":"info","message":"Listening on port 8000..."}
{"level":"info","message":"connected to database"}
{"level":"info","message":"Listening on port 8000..."}
{"level":"info","message":"connected to database"}
{"level":"info","message":"Listening on port 8000..."}
{"level":"info","message":"connected to database"}
{"level":"info","message":"Listening on port 8000..."}
{"level":"info","message":"connected to database"}
{"level":"info","message":"Listening on port 8000..."}
{"level":"info","message":"connected to database"}
{"level":"info","message":"Listening on port 8000..."}
{"level":"info","message":"connected to database"}
{"level":"info","message":"Listening on port 8000..."}
{"level":"info","message":"connected to database"}
{"level":"info","message":"Listening on port 8000..."}
{"level":"info","message":"connected to database"}
{"level":"info","message":"Listening on port 8000..."}
{"level":"info","message":"connected to database"}
{"level":"info","message":"Listening on port 8000..."}
{"level":"info","message":"connected to database"}
{"level":"info","message":"Listening on port 8000..."}
{"level":"info","message":"connected to database"}
{"level":"info","message":"Listening on port 8000..."}
{"level":"info","message":"connected to database"}
{"level":"info","message":"Listening on port 8000..."}
{"level":"error","message":"connect ECONNREFUSED 0.0.0.0:27017","reason":{"commonWireVersion":0,"compatible":true,"heartbeatFrequencyMS":10000,"localThresholdMS":15,"logicalSessionTimeoutMinutes":null,"maxElectionId":null,"maxSetVersion":null,"servers":{},"setName":null,"stale":false,"type":"Unknown"}}
{"level":"info","message":"Listening on port 8000..."}
{"level":"info","message":"Listening on port 8000..."}
{"level":"error","message":"connect ECONNREFUSED 0.0.0.0:27017","reason":{"commonWireVersion":0,"compatible":true,"heartbeatFrequencyMS":10000,"localThresholdMS":15,"logicalSessionTimeoutMinutes":null,"maxElectionId":null,"maxSetVersion":null,"servers":{},"setName":null,"stale":false,"type":"Unknown"}}
{"level":"info","message":"Listening on port 8000..."}
{"level":"error","message":"connect ECONNREFUSED 0.0.0.0:27017","reason":{"commonWireVersion":0,"compatible":true,"heartbeatFrequencyMS":10000,"localThresholdMS":15,"logicalSessionTimeoutMinutes":null,"maxElectionId":null,"maxSetVersion":null,"servers":{},"setName":null,"stale":false,"type":"Unknown"}}
{"level":"info","message":"Listening on port 8000..."}
{"level":"error","message":"connect ECONNREFUSED 0.0.0.0:27017","reason":{"commonWireVersion":0,"compatible":true,"heartbeatFrequencyMS":10000,"localThresholdMS":15,"logicalSessionTimeoutMinutes":null,"maxElectionId":null,"maxSetVersion":null,"servers":{},"setName":null,"stale":false,"type":"Unknown"}}
{"level":"info","message":"Listening on port 8000..."}
{"level":"info","message":"Listening on port 8000..."}
{"level":"info","message":"Listening on port 8000..."}
{"level":"info","message":"Listening on port 8000..."}
{"level":"error","message":"connect ECONNREFUSED 0.0.0.0:27017","reason":{"commonWireVersion":0,"compatible":true,"heartbeatFrequencyMS":10000,"localThresholdMS":15,"logicalSessionTimeoutMinutes":null,"maxElectionId":null,"maxSetVersion":null,"servers":{},"setName":null,"stale":false,"type":"Unknown"}}
{"level":"info","message":"Listening on port 8000..."}
{"level":"error","message":"connect ECONNREFUSED 0.0.0.0:27017","reason":{"commonWireVersion":0,"compatible":true,"heartbeatFrequencyMS":10000,"localThresholdMS":15,"logicalSessionTimeoutMinutes":null,"maxElectionId":null,"maxSetVersion":null,"servers":{},"setName":null,"stale":false,"type":"Unknown"}}
{"level":"info","message":"Listening on port 8000..."}
{"level":"error","message":"connect ECONNREFUSED 0.0.0.0:27017","reason":{"commonWireVersion":0,"compatible":true,"heartbeatFrequencyMS":10000,"localThresholdMS":15,"logicalSessionTimeoutMinutes":null,"maxElectionId":null,"maxSetVersion":null,"servers":{},"setName":null,"stale":false,"type":"Unknown"}}
{"level":"info","message":"Listening on port 8000..."}
{"level":"error","message":"connect ECONNREFUSED 0.0.0.0:27017","reason":{"commonWireVersion":0,"compatible":true,"heartbeatFrequencyMS":10000,"localThresholdMS":15,"logicalSessionTimeoutMinutes":null,"maxElectionId":null,"maxSetVersion":null,"servers":{},"setName":null,"stale":false,"type":"Unknown"}}
{"level":"info","message":"Listening on port 8000..."}
{"level":"info","message":"connected to database"}
{"level":"info","message":"Listening on port 8000..."}
{"level":"info","message":"connected to database"}
{"level":"info","message":"Listening on port 8000..."}
{"level":"info","message":"connected to database"}
{"level":"info","message":"Listening on port 8000..."}
{"level":"info","message":"connected to database"}
{"level":"info","message":"Listening on port 8000..."}
{"level":"info","message":"connected to database"}
{"level":"info","message":"Listening on port 8000..."}
{"level":"info","message":"connected to database"}
{"level":"info","message":"Listening on port 8000..."}
{"level":"info","message":"connected to database"}
{"level":"info","message":"Listening on port 8000..."}
{"level":"info","message":"connected to database"}
{"level":"info","message":"Listening on port 8000..."}
{"level":"info","message":"connected to database"}
{"level":"info","message":"Listening on port 8000..."}
{"level":"info","message":"connected to database"}
{"level":"info","message":"Listening on port 8000..."}
{"level":"info","message":"connected to database"}
{"level":"info","message":"Listening on port 8000..."}
{"level":"info","message":"connected to database"}
{"level":"info","message":"Listening on port 8000..."}
{"level":"info","message":"connected to database"}
{"level":"info","message":"Listening on port 8000..."}
{"level":"info","message":"connected to database"}
{"level":"info","message":"Listening on port 8000..."}
{"level":"info","message":"connected to database"}
{"level":"info","message":"Listening on port 8000..."}
{"level":"info","message":"connected to database"}
{"level":"info","message":"Listening on port 8000..."}
{"level":"info","message":"connected to database"}
{"level":"info","message":"Listening on port 8000..."}
{"level":"info","message":"connected to database"}
{"level":"info","message":"Listening on port 8000..."}
{"level":"info","message":"connected to database"}
{"level":"info","message":"Listening on port 8000..."}
{"level":"info","message":"connected to database"}
{"level":"info","message":"Listening on port 8000..."}
{"level":"info","message":"connected to database"}
{"level":"info","message":"Listening on port 8000..."}
{"level":"info","message":"connected to database"}
{"level":"info","message":"Listening on port 8000..."}
{"level":"info","message":"connected to database"}
{"level":"info","message":"Listening on port 8000..."}
{"level":"info","message":"connected to database"}
{"level":"info","message":"Listening on port 8000..."}
{"level":"info","message":"connected to database"}
{"level":"info","message":"Listening on port 8000..."}
{"level":"info","message":"connected to database"}
{"level":"info","message":"Listening on port 8000..."}
{"level":"info","message":"connected to database"}
{"level":"info","message":"Listening on port 8000..."}
{"level":"info","message":"connected to database"}
{"level":"info","message":"Listening on port 8000..."}
{"level":"info","message":"connected to database"}
{"level":"info","message":"Listening on port 8000..."}
{"level":"info","message":"connected to database"}
{"level":"info","message":"Listening on port 8000..."}
{"level":"info","message":"connected to database"}
{"level":"info","message":"Listening on port 8000..."}
{"level":"info","message":"connected to database"}
{"level":"info","message":"Listening on port 8000..."}
{"level":"info","message":"connected to database"}
{"level":"info","message":"Listening on port 8000..."}
{"level":"info","message":"connected to database"}
{"level":"info","message":"Listening on port 8000..."}
{"level":"info","message":"connected to database"}
{"level":"info","message":"Listening on port 8000..."}
{"level":"info","message":"connected to database"}
{"level":"info","message":"Listening on port 8000..."}
{"level":"info","message":"connected to database"}
{"level":"info","message":"Listening on port 8000..."}
{"level":"info","message":"connected to database"}
{"level":"info","message":"Listening on port 8000..."}
{"level":"info","message":"connected to database"}
{"level":"info","message":"Listening on port 8000..."}
{"level":"info","message":"connected to database"}
{"level":"info","message":"Listening on port 8000..."}
{"level":"info","message":"connected to database"}
{"level":"info","message":"Listening on port 8000..."}
{"level":"info","message":"connected to database"}
{"level":"info","message":"Listening on port 8000..."}
{"level":"info","message":"connected to database"}
{"level":"info","message":"Listening on port 8000..."}
{"level":"info","message":"connected to database"}
{"level":"info","message":"Listening on port 8000..."}
{"level":"info","message":"connected to database"}
{"level":"info","message":"Listening on port 8000..."}
{"level":"info","message":"connected to database"}
{"level":"info","message":"Listening on port 8000..."}
{"level":"info","message":"connected to database"}
{"level":"info","message":"Listening on port 8000..."}
{"level":"info","message":"connected to database"}
{"level":"info","message":"Listening on port 8000..."}
{"level":"info","message":"connected to database"}
{"level":"info","message":"Listening on port 8000..."}
{"level":"info","message":"connected to database"}
